<?xml version="1.0" encoding="UTF-8" ?>
<testsuite tests="3" failures="0" name="SupportedValuesServiceTest" time="0.001" errors="0" skipped="0">
  <properties>
[...]
</properties>
  <testcase classname="SupportedValuesServiceTest" name="givenSupportedFileUrl_whenCallingIsSupported_thenReturnTrue" time="0.001"/>
  <testcase classname="SupportedValuesServiceTest" name="givenArrayOfSupportedValues_whenCallingIsSupported_thenReturnTrue" time="0"/>
  <testcase classname="SupportedValuesServiceTest" name="givenArrayOfUnsupportedValues_whenCallingIsSupported_thenReturnFalse" time="0"/>
</testsuite>